<?xml version="1.0" encoding="UTF-8"?>
<testng-results ignored="0" total="1" passed="1" failed="0" skipped="0">
  <reporter-output>
  </reporter-output>
  <suite started-at="2020-10-21T12:18:25 ICT" name="Default suite" finished-at="2020-10-21T12:18:36 ICT" duration-ms="11266">
    <groups>
    </groups>
    <test started-at="2020-10-21T12:18:25 ICT" name="Default test" finished-at="2020-10-21T12:18:36 ICT" duration-ms="11266">
      <class name="newpackage.FirstTestNG">
        <test-method signature="verifyHomepageTitle()[pri:0, instance:newpackage.FirstTestNG@ed7f8b4]" started-at="2020-10-21T12:18:25 ICT" name="verifyHomepageTitle" finished-at="2020-10-21T12:18:36 ICT" duration-ms="11237" status="PASS">
          <reporter-output>
          </reporter-output>
        </test-method> <!-- verifyHomepageTitle -->
      </class> <!-- newpackage.FirstTestNG -->
    </test> <!-- Default test -->
  </suite> <!-- Default suite -->
</testng-results>
